січ. 21, 2021 5:03:32 ПП Main.Main main
INFO: Main class before running menu
січ. 21, 2021 5:03:36 ПП PlayRoom.MainPlayroom Enters
INFO: File loaded from: C:\Users\Yura\Desktop\KH-203\PP\1.txt
січ. 21, 2021 5:03:36 ПП PlayRoom.MainPlayroom Enters
INFO: File loaded from: C:\Users\Yura\Desktop\KH-203\PP\1.txt
січ. 21, 2021 5:03:36 ПП PlayRoom.MainPlayroom Enters
INFO: File loaded from: C:\Users\Yura\Desktop\KH-203\PP\1.txt
січ. 21, 2021 5:03:36 ПП PlayRoom.MainPlayroom Enters
INFO: File loaded from: C:\Users\Yura\Desktop\KH-203\PP\1.txt
січ. 21, 2021 5:03:46 ПП AdminMain.AdminRunner Start
INFO: Logged into admin menu
січ. 21, 2021 5:04:14 ПП PlayRoom.MainPlayroom Enters
INFO: File loaded from: C:\Users\Yura\Desktop\KH-203\PP\1.txt
січ. 21, 2021 5:04:14 ПП PlayRoom.MainPlayroom Enters
INFO: File loaded from: C:\Users\Yura\Desktop\KH-203\PP\1.txt
січ. 21, 2021 5:04:14 ПП PlayRoom.MainPlayroom Enters
INFO: File loaded from: C:\Users\Yura\Desktop\KH-203\PP\1.txt
січ. 21, 2021 5:04:14 ПП PlayRoom.MainPlayroom Enters
INFO: File loaded from: C:\Users\Yura\Desktop\KH-203\PP\1.txt
січ. 21, 2021 5:04:43 ПП PlayRoom.MainPlayroom Enters
INFO: File loaded from: C:\Users\Yura\Desktop\KH-203\PP\1.txt
січ. 21, 2021 5:04:43 ПП PlayRoom.MainPlayroom Enters
INFO: File loaded from: C:\Users\Yura\Desktop\KH-203\PP\1.txt
січ. 21, 2021 5:04:43 ПП PlayRoom.MainPlayroom Enters
INFO: File loaded from: C:\Users\Yura\Desktop\KH-203\PP\1.txt
січ. 21, 2021 5:04:43 ПП PlayRoom.MainPlayroom Enters
INFO: File loaded from: C:\Users\Yura\Desktop\KH-203\PP\1.txt
січ. 21, 2021 5:05:03 ПП PlayRoom.MainPlayroom Enters
INFO: File loaded from: C:\Users\Yura\Desktop\KH-203\PP\1.txt
січ. 21, 2021 5:05:03 ПП PlayRoom.MainPlayroom Enters
INFO: File loaded from: C:\Users\Yura\Desktop\KH-203\PP\1.txt
січ. 21, 2021 5:05:03 ПП PlayRoom.MainPlayroom Enters
INFO: File loaded from: C:\Users\Yura\Desktop\KH-203\PP\1.txt
січ. 21, 2021 5:05:03 ПП PlayRoom.MainPlayroom Enters
INFO: File loaded from: C:\Users\Yura\Desktop\KH-203\PP\1.txt
січ. 21, 2021 5:05:12 ПП Client.ClientMain Start
INFO: Logged into client menu
січ. 21, 2021 5:05:27 ПП PlayRoom.MainPlayroom PrintListToys
INFO: Given numbers: 8; 8; 90.0
січ. 21, 2021 5:05:27 ПП PlayRoom.MainPlayroom Enters
INFO: File loaded from: C:\Users\Yura\Desktop\KH-203\PP\1.txt
січ. 21, 2021 5:05:27 ПП PlayRoom.MainPlayroom Enters
INFO: File loaded from: C:\Users\Yura\Desktop\KH-203\PP\1.txt
січ. 21, 2021 5:05:27 ПП PlayRoom.MainPlayroom Enters
INFO: File loaded from: C:\Users\Yura\Desktop\KH-203\PP\1.txt
січ. 21, 2021 5:05:27 ПП PlayRoom.MainPlayroom Enters
INFO: File loaded from: C:\Users\Yura\Desktop\KH-203\PP\1.txt
січ. 21, 2021 5:05:27 ПП Client.ClientMain Start
INFO: Main class successfully ended
